{"/home/renuka/code/url-shortner/src/database/index.ts": {"path":"/home/renuka/code/url-shortner/src/database/index.ts","statementMap":{"0":{"start":{"line":1,"column":0},"end":{"line":1,"column":32}},"1":{"start":{"line":3,"column":20},"end":{"line":3,"column":45}},"2":{"start":{"line":7,"column":13},"end":{"line":18,"column":2}},"3":{"start":{"line":7,"column":29},"end":{"line":18,"column":2}},"4":{"start":{"line":8,"column":2},"end":{"line":16,"column":null}},"5":{"start":{"line":9,"column":4},"end":{"line":15,"column":7}},"6":{"start":{"line":17,"column":2},"end":{"line":17,"column":14}}},"fnMap":{"0":{"name":"(anonymous_13)","decl":{"start":{"line":7,"column":29},"end":{"line":7,"column":null}},"loc":{"start":{"line":7,"column":29},"end":{"line":18,"column":2}}}},"branchMap":{"0":{"loc":{"start":{"line":3,"column":20},"end":{"line":3,"column":39}},"type":"binary-expr","locations":[{"start":{"line":3,"column":20},"end":{"line":3,"column":39}},{"start":{"line":3,"column":43},"end":{"line":3,"column":45}}]},"1":{"loc":{"start":{"line":8,"column":2},"end":{"line":16,"column":null}},"type":"if","locations":[{"start":{"line":8,"column":2},"end":{"line":16,"column":null}},{"start":{"line":8,"column":2},"end":{"line":16,"column":null}}]}},"s":{"0":2,"1":1,"2":1,"3":7,"4":7,"5":1,"6":7},"f":{"0":14},"b":{"0":[1,0],"1":[1,6]}}
,"/home/renuka/code/url-shortner/src/database/models/url.ts": {"path":"/home/renuka/code/url-shortner/src/database/models/url.ts","statementMap":{"0":{"start":{"line":1,"column":0},"end":{"line":1,"column":32}},"1":{"start":{"line":10,"column":42},"end":{"line":15,"column":2}},"2":{"start":{"line":17,"column":31},"end":{"line":17,"column":36}},"3":{"start":{"line":18,"column":35},"end":{"line":18,"column":62}},"4":{"start":{"line":19,"column":0},"end":{"line":19,"column":35}},"5":{"start":{"line":24,"column":12},"end":{"line":25,"column":6}},"6":{"start":{"line":25,"column":2},"end":{"line":25,"column":40}},"7":{"start":{"line":26,"column":0},"end":{"line":26,"column":19}}},"fnMap":{"0":{"name":"(anonymous_1)","decl":{"start":{"line":24,"column":12},"end":{"line":24,"column":13}},"loc":{"start":{"line":24,"column":38},"end":{"line":25,"column":6}}}},"branchMap":{},"s":{"0":1,"1":1,"2":1,"3":1,"4":1,"5":1,"6":7,"7":1},"f":{"0":7},"b":{}}
,"/home/renuka/code/url-shortner/src/functions/urlhashing.ts": {"path":"/home/renuka/code/url-shortner/src/functions/urlhashing.ts","statementMap":{"0":{"start":{"line":2,"column":0},"end":{"line":2,"column":null}},"1":{"start":{"line":3,"column":0},"end":{"line":3,"column":34}},"2":{"start":{"line":4,"column":0},"end":{"line":4,"column":44}},"3":{"start":{"line":5,"column":0},"end":{"line":5,"column":51}},"4":{"start":{"line":7,"column":19},"end":{"line":35,"column":2}},"5":{"start":{"line":7,"column":50},"end":{"line":35,"column":2}},"6":{"start":{"line":9,"column":8},"end":{"line":9,"column":50}},"7":{"start":{"line":10,"column":26},"end":{"line":10,"column":null}},"8":{"start":{"line":10,"column":14},"end":{"line":10,"column":null}},"9":{"start":{"line":11,"column":14},"end":{"line":11,"column":57}},"10":{"start":{"line":12,"column":14},"end":{"line":12,"column":36}},"11":{"start":{"line":13,"column":14},"end":{"line":13,"column":64}},"12":{"start":{"line":14,"column":14},"end":{"line":14,"column":47}},"13":{"start":{"line":15,"column":14},"end":{"line":22,"column":11}},"14":{"start":{"line":23,"column":28},"end":{"line":23,"column":null}},"15":{"start":{"line":23,"column":14},"end":{"line":23,"column":null}},"16":{"start":{"line":24,"column":8},"end":{"line":27,"column":10}},"17":{"start":{"line":29,"column":8},"end":{"line":29,"column":25}},"18":{"start":{"line":30,"column":8},"end":{"line":33,"column":10}},"19":{"start":{"line":84,"column":9},"end":{"line":84,"column":19}},"20":{"start":{"line":37,"column":21},"end":{"line":57,"column":2}},"21":{"start":{"line":37,"column":52},"end":{"line":57,"column":2}},"22":{"start":{"line":39,"column":8},"end":{"line":39,"column":50}},"23":{"start":{"line":40,"column":26},"end":{"line":40,"column":null}},"24":{"start":{"line":40,"column":14},"end":{"line":40,"column":null}},"25":{"start":{"line":41,"column":14},"end":{"line":41,"column":57}},"26":{"start":{"line":42,"column":14},"end":{"line":44,"column":52}},"27":{"start":{"line":45,"column":23},"end":{"line":45,"column":null}},"28":{"start":{"line":45,"column":14},"end":{"line":45,"column":null}},"29":{"start":{"line":46,"column":8},"end":{"line":49,"column":10}},"30":{"start":{"line":51,"column":8},"end":{"line":51,"column":25}},"31":{"start":{"line":52,"column":8},"end":{"line":55,"column":10}},"32":{"start":{"line":84,"column":21},"end":{"line":84,"column":33}},"33":{"start":{"line":59,"column":22},"end":{"line":82,"column":2}},"34":{"start":{"line":59,"column":53},"end":{"line":82,"column":2}},"35":{"start":{"line":61,"column":8},"end":{"line":61,"column":50}},"36":{"start":{"line":62,"column":26},"end":{"line":62,"column":null}},"37":{"start":{"line":62,"column":14},"end":{"line":62,"column":null}},"38":{"start":{"line":63,"column":14},"end":{"line":63,"column":57}},"39":{"start":{"line":64,"column":14},"end":{"line":64,"column":64}},"40":{"start":{"line":65,"column":14},"end":{"line":65,"column":39}},"41":{"start":{"line":66,"column":24},"end":{"line":66,"column":null}},"42":{"start":{"line":66,"column":14},"end":{"line":66,"column":null}},"43":{"start":{"line":67,"column":8},"end":{"line":74,"column":10}},"44":{"start":{"line":71,"column":51},"end":{"line":71,"column":66}},"45":{"start":{"line":72,"column":46},"end":{"line":72,"column":56}},"46":{"start":{"line":76,"column":8},"end":{"line":76,"column":25}},"47":{"start":{"line":77,"column":8},"end":{"line":80,"column":10}},"48":{"start":{"line":84,"column":35},"end":{"line":84,"column":48}}},"fnMap":{"0":{"name":"(anonymous_13)","decl":{"start":{"line":7,"column":19},"end":{"line":7,"column":26}},"loc":{"start":{"line":7,"column":50},"end":{"line":35,"column":2}}},"1":{"name":"(anonymous_14)","decl":{"start":{"line":7,"column":50},"end":{"line":7,"column":null}},"loc":{"start":{"line":7,"column":50},"end":{"line":35,"column":2}}},"2":{"name":"(anonymous_16)","decl":{"start":{"line":37,"column":21},"end":{"line":37,"column":28}},"loc":{"start":{"line":37,"column":52},"end":{"line":57,"column":2}}},"3":{"name":"(anonymous_17)","decl":{"start":{"line":37,"column":52},"end":{"line":37,"column":null}},"loc":{"start":{"line":37,"column":52},"end":{"line":57,"column":2}}},"4":{"name":"(anonymous_19)","decl":{"start":{"line":59,"column":22},"end":{"line":59,"column":29}},"loc":{"start":{"line":59,"column":53},"end":{"line":82,"column":2}}},"5":{"name":"(anonymous_20)","decl":{"start":{"line":59,"column":53},"end":{"line":59,"column":null}},"loc":{"start":{"line":59,"column":53},"end":{"line":82,"column":2}}},"6":{"name":"(anonymous_22)","decl":{"start":{"line":71,"column":41},"end":{"line":71,"column":42}},"loc":{"start":{"line":71,"column":46},"end":{"line":71,"column":55}}},"7":{"name":"(anonymous_23)","decl":{"start":{"line":72,"column":36},"end":{"line":72,"column":37}},"loc":{"start":{"line":72,"column":41},"end":{"line":72,"column":50}}}},"branchMap":{"0":{"loc":{"start":{"line":13,"column":34},"end":{"line":13,"column":56}},"type":"cond-expr","locations":[{"start":{"line":13,"column":34},"end":{"line":13,"column":56}},{"start":{"line":13,"column":59},"end":{"line":13,"column":63}}]},"1":{"loc":{"start":{"line":14,"column":24},"end":{"line":14,"column":28}},"type":"binary-expr","locations":[{"start":{"line":14,"column":24},"end":{"line":14,"column":28}},{"start":{"line":14,"column":32},"end":{"line":14,"column":40}},{"start":{"line":14,"column":44},"end":{"line":14,"column":46}}]},"2":{"loc":{"start":{"line":20,"column":18},"end":{"line":20,"column":56}},"type":"cond-expr","locations":[{"start":{"line":20,"column":18},"end":{"line":20,"column":56}},{"start":{"line":20,"column":59},"end":{"line":20,"column":61}}]},"3":{"loc":{"start":{"line":18,"column":24},"end":{"line":18,"column":29}},"type":"binary-expr","locations":[{"start":{"line":18,"column":24},"end":{"line":18,"column":29}},{"start":{"line":18,"column":33},"end":{"line":18,"column":53}},{"start":{"line":19,"column":16},"end":{"line":19,"column":45}},{"start":{"line":19,"column":49},"end":{"line":19,"column":87}}]},"4":{"loc":{"start":{"line":44,"column":14},"end":{"line":44,"column":46}},"type":"cond-expr","locations":[{"start":{"line":44,"column":14},"end":{"line":44,"column":46}},{"start":{"line":44,"column":49},"end":{"line":44,"column":51}}]},"5":{"loc":{"start":{"line":42,"column":22},"end":{"line":42,"column":27}},"type":"binary-expr","locations":[{"start":{"line":42,"column":22},"end":{"line":42,"column":27}},{"start":{"line":42,"column":31},"end":{"line":42,"column":58}},{"start":{"line":43,"column":12},"end":{"line":43,"column":44}}]},"6":{"loc":{"start":{"line":48,"column":40},"end":{"line":48,"column":46}},"type":"binary-expr","locations":[{"start":{"line":48,"column":40},"end":{"line":48,"column":46}},{"start":{"line":48,"column":50},"end":{"line":48,"column":60}},{"start":{"line":48,"column":64},"end":{"line":48,"column":66}}]},"7":{"loc":{"start":{"line":64,"column":34},"end":{"line":64,"column":56}},"type":"cond-expr","locations":[{"start":{"line":64,"column":34},"end":{"line":64,"column":56}},{"start":{"line":64,"column":59},"end":{"line":64,"column":63}}]},"8":{"loc":{"start":{"line":65,"column":24},"end":{"line":65,"column":32}},"type":"binary-expr","locations":[{"start":{"line":65,"column":24},"end":{"line":65,"column":32}},{"start":{"line":65,"column":36},"end":{"line":65,"column":38}}]}},"s":{"0":1,"1":1,"2":1,"3":1,"4":1,"5":3,"6":3,"7":3,"8":3,"9":3,"10":3,"11":3,"12":3,"13":3,"14":3,"15":3,"16":2,"17":1,"18":1,"19":1,"20":1,"21":2,"22":2,"23":2,"24":2,"25":2,"26":2,"27":2,"28":2,"29":2,"30":0,"31":0,"32":1,"33":1,"34":2,"35":2,"36":2,"37":2,"38":2,"39":2,"40":2,"41":2,"42":2,"43":2,"44":17,"45":17,"46":0,"47":0,"48":1},"f":{"0":3,"1":3,"2":2,"3":2,"4":2,"5":2,"6":17,"7":17},"b":{"0":[3,0],"1":[3,3,1],"2":[3,0],"3":[3,3,3,3],"4":[2,0],"5":[2,2,2],"6":[2,1,1],"7":[2,0],"8":[2,0]}}
}
