TN:
SF:/home/renuka/code/url-shortner/src/database/index.ts
FN:7,(anonymous_13)
FNF:1
FNH:1
FNDA:14,(anonymous_13)
DA:1,2
DA:3,1
DA:7,7
DA:8,7
DA:9,1
DA:17,7
LF:6
LH:6
BRDA:3,0,0,1
BRDA:3,0,1,0
BRDA:8,1,0,1
BRDA:8,1,1,6
BRF:4
BRH:3
end_of_record
TN:
SF:/home/renuka/code/url-shortner/src/database/models/url.ts
FN:24,(anonymous_1)
FNF:1
FNH:1
FNDA:7,(anonymous_1)
DA:1,1
DA:10,1
DA:17,1
DA:18,1
DA:19,1
DA:24,1
DA:25,7
DA:26,1
LF:8
LH:8
BRF:0
BRH:0
end_of_record
TN:
SF:/home/renuka/code/url-shortner/src/functions/urlhashing.ts
FN:7,(anonymous_13)
FN:7,(anonymous_14)
FN:37,(anonymous_16)
FN:37,(anonymous_17)
FN:59,(anonymous_19)
FN:59,(anonymous_20)
FN:71,(anonymous_22)
FN:72,(anonymous_23)
FNF:8
FNH:8
FNDA:3,(anonymous_13)
FNDA:3,(anonymous_14)
FNDA:2,(anonymous_16)
FNDA:2,(anonymous_17)
FNDA:2,(anonymous_19)
FNDA:2,(anonymous_20)
FNDA:17,(anonymous_22)
FNDA:17,(anonymous_23)
DA:2,1
DA:3,1
DA:4,1
DA:5,1
DA:7,3
DA:9,3
DA:10,3
DA:11,3
DA:12,3
DA:13,3
DA:14,3
DA:15,3
DA:23,3
DA:24,2
DA:29,1
DA:30,1
DA:37,2
DA:39,2
DA:40,2
DA:41,2
DA:42,2
DA:45,2
DA:46,2
DA:51,0
DA:52,0
DA:59,2
DA:61,2
DA:62,2
DA:63,2
DA:64,2
DA:65,2
DA:66,2
DA:67,2
DA:71,17
DA:72,17
DA:76,0
DA:77,0
DA:84,1
LF:38
LH:34
BRDA:13,0,0,3
BRDA:13,0,1,0
BRDA:14,1,0,3
BRDA:14,1,1,3
BRDA:14,1,2,1
BRDA:20,2,0,3
BRDA:20,2,1,0
BRDA:18,3,0,3
BRDA:18,3,1,3
BRDA:18,3,2,3
BRDA:18,3,3,3
BRDA:44,4,0,2
BRDA:44,4,1,0
BRDA:42,5,0,2
BRDA:42,5,1,2
BRDA:42,5,2,2
BRDA:48,6,0,2
BRDA:48,6,1,1
BRDA:48,6,2,1
BRDA:64,7,0,2
BRDA:64,7,1,0
BRDA:65,8,0,2
BRDA:65,8,1,0
BRF:23
BRH:18
end_of_record
